rawDroid/build/proguard/demo/release/seeds.txt
com.actionbarsherlock.internal.widget.IcsAbsSpinner
com.actionbarsherlock.internal.widget.IcsAbsSpinner: boolean IS_HONEYCOMB
com.actionbarsherlock.internal.widget.IcsAbsSpinner: android.widget.SpinnerAdapter mAdapter
com.actionbarsherlock.internal.widget.IcsAbsSpinner: int mHeightMeasureSpec
com.actionbarsherlock.internal.widget.IcsAbsSpinner: int mWidthMeasureSpec
com.actionbarsherlock.internal.widget.IcsAbsSpinner: boolean mBlockLayoutRequests
com.actionbarsherlock.internal.widget.IcsAbsSpinner: int mSelectionLeftPadding
com.actionbarsherlock.internal.widget.IcsAbsSpinner: int mSelectionTopPadding
com.actionbarsherlock.internal.widget.IcsAbsSpinner: int mSelectionRightPadding
com.actionbarsherlock.internal.widget.IcsAbsSpinner: int mSelectionBottomPadding
com.actionbarsherlock.internal.widget.IcsAbsSpinner: android.graphics.Rect mSpinnerPadding
com.actionbarsherlock.internal.widget.IcsAbsSpinner: com.actionbarsherlock.internal.widget.IcsAbsSpinner$RecycleBin mRecycler
com.actionbarsherlock.internal.widget.IcsAbsSpinner: android.database.DataSetObserver mDataSetObserver
com.actionbarsherlock.internal.widget.IcsAbsSpinner: android.graphics.Rect mTouchFrame
com.actionbarsherlock.internal.widget.IcsAbsSpinner: IcsAbsSpinner(android.content.Context)
com.actionbarsherlock.internal.widget.IcsAbsSpinner: IcsAbsSpinner(android.content.Context,android.util.AttributeSet)
com.actionbarsherlock.internal.widget.IcsAbsSpinner$1
com.actionbarsherlock.internal.widget.IcsAbsSpinner$RecycleBin
com.actionbarsherlock.internal.widget.IcsAbsSpinner$RecycleBin: android.util.SparseArray mScrapHeap
com.actionbarsherlock.internal.widget.IcsAbsSpinner$RecycleBin: com.actionbarsherlock.internal.widget.IcsAbsSpinner this$0
com.actionbarsherlock.internal.widget.IcsAbsSpinner$RecycleBin: IcsAbsSpinner$RecycleBin(com.actionbarsherlock.internal.widget.IcsAbsSpinner)
com.actionbarsherlock.internal.widget.IcsAbsSpinner$RecycleBin: void put(int,android.view.View)
com.actionbarsherlock.internal.widget.IcsAbsSpinner$RecycleBin: android.view.View get(int)
com.actionbarsherlock.internal.widget.IcsAbsSpinner$RecycleBin: void clear()
com.actionbarsherlock.internal.widget.IcsAbsSpinner$SavedState
com.actionbarsherlock.internal.widget.IcsAbsSpinner$SavedState: long selectedId
com.actionbarsherlock.internal.widget.IcsAbsSpinner$SavedState: int position
com.actionbarsherlock.internal.widget.IcsAbsSpinner$SavedState: android.os.Parcelable$Creator CREATOR
com.actionbarsherlock.internal.widget.IcsAbsSpinner$SavedState: IcsAbsSpinner$SavedState(android.os.Parcelable)
com.actionbarsherlock.internal.widget.IcsAbsSpinner$SavedState: IcsAbsSpinner$SavedState(android.os.Parcel)
com.actionbarsherlock.internal.widget.IcsAbsSpinner$SavedState: void writeToParcel(android.os.Parcel,int)
com.actionbarsherlock.internal.widget.IcsAbsSpinner$SavedState: java.lang.String toString()
com.actionbarsherlock.internal.widget.IcsAbsSpinner$SavedState: IcsAbsSpinner$SavedState(android.os.Parcel,com.actionbarsherlock.internal.widget.IcsAbsSpinner$1)
com.actionbarsherlock.internal.widget.IcsAbsSpinner$SavedState: void <clinit>()
com.actionbarsherlock.internal.widget.IcsAbsSpinner$SavedState$1
com.actionbarsherlock.internal.widget.IcsAbsSpinner$SavedState$1: IcsAbsSpinner$SavedState$1()
com.actionbarsherlock.internal.widget.IcsAbsSpinner$SavedState$1: com.actionbarsherlock.internal.widget.IcsAbsSpinner$SavedState createFromParcel(android.os.Parcel)
com.actionbarsherlock.internal.widget.IcsAbsSpinner$SavedState$1: com.actionbarsherlock.internal.widget.IcsAbsSpinner$SavedState[] newArray(int)
com.actionbarsherlock.internal.widget.IcsAbsSpinner$SavedState$1: java.lang.Object[] newArray(int)
com.actionbarsherlock.internal.widget.IcsAbsSpinner$SavedState$1: java.lang.Object createFromParcel(android.os.Parcel)