rawDroid/build/proguard/demo/release/mapping.txt
com.actionbarsherlock.internal.widget.AbsActionBarView -> com.actionbarsherlock.internal.widget.AbsActionBarView:
    com.actionbarsherlock.internal.view.menu.ActionMenuView mMenuView -> mMenuView
    com.actionbarsherlock.internal.view.menu.ActionMenuPresenter mActionMenuPresenter -> mActionMenuPresenter
    com.actionbarsherlock.internal.widget.ActionBarContainer mSplitView -> mSplitView
    boolean mSplitActionBar -> mSplitActionBar
    boolean mSplitWhenNarrow -> mSplitWhenNarrow
    int mContentHeight -> mContentHeight
    android.content.Context mContext -> mContext
    com.actionbarsherlock.internal.nineoldandroids.animation.Animator mVisibilityAnim -> mVisibilityAnim
    com.actionbarsherlock.internal.widget.AbsActionBarView$VisibilityAnimListener mVisAnimListener -> mVisAnimListener
    android.view.animation.Interpolator sAlphaInterpolator -> sAlphaInterpolator
    int FADE_DURATION -> FADE_DURATION
    74:93:void onConfigurationChanged(android.content.res.Configuration) -> onConfigurationChanged
    100:101:void setSplitActionBar(boolean) -> setSplitActionBar
    108:109:void setSplitWhenNarrow(boolean) -> setSplitWhenNarrow
    112:114:void setContentHeight(int) -> setContentHeight
    117:117:int getContentHeight() -> getContentHeight
    121:122:void setSplitView(com.actionbarsherlock.internal.widget.ActionBarContainer) -> setSplitView
    128:131:int getAnimatedVisibility() -> getAnimatedVisibility
com.actionbarsherlock.internal.widget.AbsActionBarView$1 -> com.actionbarsherlock.internal.widget.AbsActionBarView$1:
    com.actionbarsherlock.internal.widget.AbsActionBarView this$0 -> this$0
    195:196:void run() -> run
com.actionbarsherlock.internal.widget.AbsActionBarView$VisibilityAnimListener -> com.actionbarsherlock.internal.widget.AbsActionBarView$VisibilityAnimListener:
    boolean mCanceled -> mCanceled
    int mFinalVisibility -> mFinalVisibility
    com.actionbarsherlock.internal.widget.AbsActionBarView this$0 -> this$0
    260:261:com.actionbarsherlock.internal.widget.AbsActionBarView$VisibilityAnimListener withFinalVisibility(int) -> withFinalVisibility
    266:269:void onAnimationStart(com.actionbarsherlock.internal.nineoldandroids.animation.Animator) -> onAnimationStart
    273:280:void onAnimationEnd(com.actionbarsherlock.internal.nineoldandroids.animation.Animator) -> onAnimationEnd
    284:285:void onAnimationCancel(com.actionbarsherlock.internal.nineoldandroids.animation.Animator) -> onAnimationCancel
    289:289:void onAnimationRepeat(com.actionbarsherlock.internal.nineoldandroids.animation.Animator) -> onAnimationRepeat