rawDroid/build/proguard/demo/release/usage.txt
====    31:31:public FileUtils()
====    56:60:public static boolean isLocal(java.lang.String)
====    96:104:public static boolean isMediaUri(java.lang.String)
org.openintents.filemanager.util.MimeTypeParser:
    private static final java.lang.String LOG_TAG
    public static final java.lang.String TAG_MIMETYPES
    public static final java.lang.String TAG_TYPE
    public static final java.lang.String ATTR_EXTENSION
    public static final java.lang.String ATTR_MIMETYPE
====    50:55:public org.openintents.filemanager.util.MimeTypes fromXml(java.io.InputStream)
org.openintents.intents.AboutMiniIntents
org.openintents.intents.FileManagerIntents
org.openintents.util.IntentUtils:
====    21:21:public IntentUtils()
org.openintents.util.VersionUtils:
    private static final java.lang.String TAG
====    30:30:public VersionUtils()
====    132:145:public static boolean isPackageAvailable(android.content.Context,java.lang.String,int)
pl.polidea.treeview.InMemoryTreeNode:
    private static final long serialVersionUID
====    84:86:public synchronized void clearChildren()
====    89:94:public synchronized void removeChild(java.lang.Object)
pl.polidea.treeview.InMemoryTreeStateManager:
    private static final long serialVersionUID
====    48:49:public void setVisibleByDefault(boolean)
====    114:130:public synchronized void addBeforeChild(java.lang.Object,java.lang.Object,java.lang.Object)
====    156:164:public synchronized void removeNodeRecursively(java.lang.Object)
====    167:180:private boolean removeNodeRecursively(pl.polidea.treeview.InMemoryTreeNode)
====    203:207:public synchronized void expandEverythingBelow(java.lang.Object)
====    240:249:public synchronized java.lang.Object getPreviousSibling(java.lang.Object)
====    254:254:public synchronized boolean isInTree(java.lang.Object)
====    370:373:public synchronized void clear()
pl.polidea.treeview.NodeAlreadyInTreeException:
    private static final long serialVersionUID
pl.polidea.treeview.NodeNotInTreeException:
    private static final long serialVersionUID
pl.polidea.treeview.R:
====    9:96:public R()
pl.polidea.treeview.R$attr
pl.polidea.treeview.R$drawable:
====    20:20:public R$drawable()
pl.polidea.treeview.R$id:
====    32:32:public R$id()
pl.polidea.treeview.R$layout:
====    62:62:public R$layout()
pl.polidea.treeview.R$menu
pl.polidea.treeview.R$raw
pl.polidea.treeview.R$string
pl.polidea.treeview.R$style:
====    93:93:public R$style()
pl.polidea.treeview.R$styleable:
====    96:96:public R$styleable()
pl.polidea.treeview.TreeBuilder:
====    29:30:public void clear()
====    45:49:public synchronized void addRelation(java.lang.Object,java.lang.Object)
pl.polidea.treeview.TreeConfigurationException:
    private static final long serialVersionUID
pl.polidea.treeview.TreeNodeInfo:
====    51:51:public boolean isVisible()
pl.polidea.treeview.TreeStateManager:
====    public abstract java.lang.Integer[] getHierarchyDescription(java.lang.Object)
====    public abstract java.util.List getChildren(java.lang.Object)
====    public abstract void addBeforeChild(java.lang.Object,java.lang.Object,java.lang.Object)
====    public abstract void removeNodeRecursively(java.lang.Object)
====    public abstract void expandEverythingBelow(java.lang.Object)
====    public abstract java.lang.Object getNextSibling(java.lang.Object)
====    public abstract java.lang.Object getPreviousSibling(java.lang.Object)
====    public abstract boolean isInTree(java.lang.Object)
====    public abstract void clear()
pl.polidea.treeview.TreeViewList:
    private static final int DEFAULT_INDENT
    private static final int DEFAULT_GRAVITY
====    191:191:public boolean isCollapsible()
====    195:195:public boolean isHandleTrackballPress()
pl.polidea.treeview.demo.FancyColouredVariousSizesAdapter
pl.polidea.treeview.demo.SimpleStandardAdapter
pl.polidea.treeview.demo.SimpleStandardAdapter$1